{"date":"2024-04-13T03:02:40.269Z","url":"/client/index.html","method":"GET"}
{"date":"2024-04-13T03:02:40.289Z","url":"/client/css/litera.min.css","method":"GET"}
{"date":"2024-04-13T03:02:40.292Z","url":"/client/css/style.css","method":"GET"}
{"date":"2024-04-13T03:02:40.293Z","url":"/client/img/person.svg","method":"GET"}
{"date":"2024-04-13T03:02:40.293Z","url":"/client/js/bootstrap.bundle.min.js","method":"GET"}
{"date":"2024-04-13T03:02:40.295Z","url":"/client/js/script.js","method":"GET"}
{"date":"2024-04-13T03:02:40.341Z","url":"/client/img/question.svg","method":"GET"}
{"date":"2024-04-13T03:03:07.943Z","url":"/client/css/litera.min.css","method":"GET"}
{"date":"2024-04-13T03:03:07.943Z","url":"/client/css/style.css","method":"GET"}
{"date":"2024-04-13T03:03:30.782Z","url":"/signin","method":"POST"}
{"date":"2024-04-13T03:03:41.662Z","url":"/signout","method":"POST"}
{"date":"2024-04-13T04:26:04.573Z","url":"/client/css/style.css","method":"GET"}
{"date":"2024-04-13T04:26:04.580Z","url":"/client/js/bootstrap.bundle.min.js","method":"GET"}
{"date":"2024-04-13T04:26:04.581Z","url":"/client/js/script.js","method":"GET"}
{"date":"2024-04-13T04:26:04.749Z","url":"/client/img/question.svg","method":"GET"}
{"date":"2024-04-13T04:26:15.585Z","url":"/signin","method":"POST"}
{"date":"2024-04-13T04:26:17.137Z","url":"/signout","method":"POST"}
{"date":"2024-04-13T04:28:21.889Z","url":"/client/index.html","method":"GET"}
{"date":"2024-04-13T04:28:21.921Z","url":"/client/css/litera.min.css","method":"GET"}
{"date":"2024-04-13T04:28:21.921Z","url":"/client/css/style.css","method":"GET"}
{"date":"2024-04-13T04:28:21.924Z","url":"/client/img/person.svg","method":"GET"}
{"date":"2024-04-13T04:28:21.924Z","url":"/client/js/bootstrap.bundle.min.js","method":"GET"}
{"date":"2024-04-13T04:28:21.925Z","url":"/client/js/script.js","method":"GET"}
{"date":"2024-04-13T04:28:22.083Z","url":"/client/img/question.svg","method":"GET"}
{"date":"2024-04-13T04:28:32.373Z","url":"/signin","method":"POST"}
{"date":"2024-04-13T04:31:54.170Z","url":"/signout","method":"POST"}
{"date":"2024-04-13T04:37:04.242Z","url":"/client/img/person.svg","method":"GET"}
{"date":"2024-04-13T04:37:04.248Z","url":"/client/js/bootstrap.bundle.min.js","method":"GET"}
{"date":"2024-04-13T04:37:04.248Z","url":"/client/js/script.js","method":"GET"}
{"date":"2024-04-13T04:37:04.400Z","url":"/client/img/question.svg","method":"GET"}
{"date":"2024-04-13T04:37:18.858Z","url":"/signin","method":"POST"}
{"date":"2024-04-13T04:40:12.229Z","url":"/signout","method":"POST"}
{"date":"2024-04-13T05:00:04.799Z","url":"/signout","method":"POST"}
{"date":"2024-04-13T05:00:50.134Z","url":"/signin","method":"POST"}
{"date":"2024-04-13T05:01:23.232Z","url":"/signout","method":"POST"}
{"date":"2024-04-13T05:02:03.411Z","url":"/signup","method":"POST"}
{"date":"2024-04-13T05:02:20.431Z","url":"/signout","method":"POST"}
